Determining if the pthread_create exist failed with the following output:
Change Dir: /home/pcsc/pcsc/Project/cmake-build-debug/CMakeFiles/CMakeTmp

Run Build Command:"/usr/bin/make" "cmTC_78dd1/fast"
make[1]: Entering directory '/home/pcsc/pcsc/Project/cmake-build-debug/CMakeFiles/CMakeTmp'
/usr/bin/make -f CMakeFiles/cmTC_78dd1.dir/build.make CMakeFiles/cmTC_78dd1.dir/build
make[2]: Entering directory '/home/pcsc/pcsc/Project/cmake-build-debug/CMakeFiles/CMakeTmp'
Building C object CMakeFiles/cmTC_78dd1.dir/CheckSymbolExists.c.o
/usr/bin/cc    -o CMakeFiles/cmTC_78dd1.dir/CheckSymbolExists.c.o   -c /home/pcsc/pcsc/Project/cmake-build-debug/CMakeFiles/CMakeTmp/CheckSymbolExists.c
Linking C executable cmTC_78dd1
/opt/clion-2018.2.3/bin/cmake/linux/bin/cmake -E cmake_link_script CMakeFiles/cmTC_78dd1.dir/link.txt --verbose=1
/usr/bin/cc      -rdynamic CMakeFiles/cmTC_78dd1.dir/CheckSymbolExists.c.o  -o cmTC_78dd1 
/usr/bin/ld: CMakeFiles/cmTC_78dd1.dir/CheckSymbolExists.c.o: in function `main':
CheckSymbolExists.c:(.text+0x1b): undefined reference to `pthread_create'
collect2: error: ld returned 1 exit status
make[2]: *** [CMakeFiles/cmTC_78dd1.dir/build.make:87: cmTC_78dd1] Error 1
make[2]: Leaving directory '/home/pcsc/pcsc/Project/cmake-build-debug/CMakeFiles/CMakeTmp'
make[1]: *** [Makefile:121: cmTC_78dd1/fast] Error 2
make[1]: Leaving directory '/home/pcsc/pcsc/Project/cmake-build-debug/CMakeFiles/CMakeTmp'

File /home/pcsc/pcsc/Project/cmake-build-debug/CMakeFiles/CMakeTmp/CheckSymbolExists.c:
/* */
#include <pthread.h>

int main(int argc, char** argv)
{
  (void)argv;
#ifndef pthread_create
  return ((int*)(&pthread_create))[argc];
#else
  (void)argc;
  return 0;
#endif
}

Determining if the function pthread_create exists in the pthreads failed with the following output:
Change Dir: /home/pcsc/pcsc/Project/cmake-build-debug/CMakeFiles/CMakeTmp

Run Build Command:"/usr/bin/make" "cmTC_73601/fast"
make[1]: Entering directory '/home/pcsc/pcsc/Project/cmake-build-debug/CMakeFiles/CMakeTmp'
/usr/bin/make -f CMakeFiles/cmTC_73601.dir/build.make CMakeFiles/cmTC_73601.dir/build
make[2]: Entering directory '/home/pcsc/pcsc/Project/cmake-build-debug/CMakeFiles/CMakeTmp'
Building C object CMakeFiles/cmTC_73601.dir/CheckFunctionExists.c.o
/usr/bin/cc   -DCHECK_FUNCTION_EXISTS=pthread_create   -o CMakeFiles/cmTC_73601.dir/CheckFunctionExists.c.o   -c /opt/clion-2018.2.3/bin/cmake/linux/share/cmake-3.12/Modules/CheckFunctionExists.c
Linking C executable cmTC_73601
/opt/clion-2018.2.3/bin/cmake/linux/bin/cmake -E cmake_link_script CMakeFiles/cmTC_73601.dir/link.txt --verbose=1
/usr/bin/cc  -DCHECK_FUNCTION_EXISTS=pthread_create    -rdynamic CMakeFiles/cmTC_73601.dir/CheckFunctionExists.c.o  -o cmTC_73601 -lpthreads 
/usr/bin/ld: cannot find -lpthreads
collect2: error: ld returned 1 exit status
make[2]: *** [CMakeFiles/cmTC_73601.dir/build.make:87: cmTC_73601] Error 1
make[2]: Leaving directory '/home/pcsc/pcsc/Project/cmake-build-debug/CMakeFiles/CMakeTmp'
make[1]: *** [Makefile:121: cmTC_73601/fast] Error 2
make[1]: Leaving directory '/home/pcsc/pcsc/Project/cmake-build-debug/CMakeFiles/CMakeTmp'


